生成启动时间为 2016/2/15 15:46:07。
     1>项目“D:\项目\Project1\MySTL\MySTL\MySTL.vcxproj”在节点 2 上(Build 个目标)。
     1>ClCompile:
         C:\Program Files (x86)\Microsoft Visual Studio 12.0\VC\bin\CL.exe /c /ZI /nologo /W3 /WX- /sdl /Od /Oy- /D _CRT_SECURE_NO_WARNINGS /D _CRT_SECURE_NO_DEPRECATE /D _MBCS /Gm /EHsc /RTC1 /MDd /GS /fp:precise /Zc:wchar_t /Zc:forScope /Fo"Debug\\" /Fd"Debug\vc120.pdb" /Gd /TP /wd4996 /analyze- /errorReport:prompt ListTest.cpp QueueTest.cpp StackTest.cpp main.cpp
         ListTest.cpp
         正在生成代码...
         正在编译...
         main.cpp
         StackTest.cpp
         QueueTest.cpp
         正在生成代码...
       Link:
         C:\Program Files (x86)\Microsoft Visual Studio 12.0\VC\bin\link.exe /ERRORREPORT:PROMPT /OUT:"D:\项目\Project1\MySTL\Debug\MySTL.exe" /INCREMENTAL /NOLOGO kernel32.lib user32.lib gdi32.lib winspool.lib comdlg32.lib advapi32.lib shell32.lib ole32.lib oleaut32.lib uuid.lib odbc32.lib odbccp32.lib /MANIFEST /MANIFESTUAC:"level='asInvoker' uiAccess='false'" /manifest:embed /DEBUG /PDB:"D:\项目\Project1\MySTL\Debug\MySTL.pdb" /TLBID:1 /DYNAMICBASE /NXCOMPAT /IMPLIB:"D:\项目\Project1\MySTL\Debug\MySTL.lib" /MACHINE:X86 Debug\AlgorithmTest.obj
         Debug\Alloc.obj
         Debug\DequeTest.obj
         Debug\ListTest.obj
         Debug\main.obj
         Debug\PriorityQueueTest.obj
         Debug\QueueTest.obj
         Debug\SlistTest.obj
         Debug\StackTest.obj
         Debug\VectorTest.obj
         MySTL.vcxproj -> D:\项目\Project1\MySTL\Debug\MySTL.exe
     1>已完成生成项目“D:\项目\Project1\MySTL\MySTL\MySTL.vcxproj”(Build 个目标)的操作。

生成成功。

已用时间 00:00:02.50
